[2025-12-15 03:39:15] =======================================================
[2025-12-15 03:39:15] STARTING NN RANDOM SEARCH WITH RF FEATURE SELECTION
[2025-12-15 03:39:15] Search iterations: 6
[2025-12-15 03:39:15] =======================================================
[2025-12-15 03:39:15] 
######## CONFIG 1/6 ########
[2025-12-15 03:39:15] Parameters: {'n_iter_no_change': 25, 'max_iter': 1200, 'learning_rate_init': 0.05, 'learning_rate': 'adaptive', 'hidden_layer_sizes': (256, 128), 'early_stopping': True, 'batch_size': 64}
[2025-12-15 03:39:15] 
[C1|F1] Processing fold...
[2025-12-15 03:39:31]   > After encoding/scaling: (60778, 15)
[2025-12-15 03:39:31]   > RF Feature Selection: 9/15
[2025-12-15 03:39:35]       model: 0.249682
[2025-12-15 03:39:35]       engineSize: 0.152520
[2025-12-15 03:39:35]       year: 0.134240
[2025-12-15 03:39:35]       mileage: 0.117373
[2025-12-15 03:39:35]       mpg: 0.105643
[2025-12-15 03:39:35]       transmission_MANUAL: 0.091348
[2025-12-15 03:39:35]       Brand: 0.072050
[2025-12-15 03:39:35]       tax: 0.036031
[2025-12-15 03:39:35]       transmission_SEMIAUTO: 0.019886
[2025-12-15 03:39:35]       fuelType_PETROL: 0.007385
[2025-12-15 03:39:35]       transmission_AUTOMATIC: 0.006261
[2025-12-15 03:39:35]       fuelType_DIESEL: 0.006116
[2025-12-15 03:39:35]       fuelType_HYBRID: 0.001407
[2025-12-15 03:39:35]       fuelType_OTHER: 0.000059
[2025-12-15 03:39:35]       fuelType_ELECTRIC: 0.000000
[2025-12-15 03:46:07]   > [TRAIN] R2: 0.9392 | RMSE: 2412 | MAE: 1531 | Bias: -15.0
[2025-12-15 03:46:07]   > [VAL]   R2: 0.9244 | RMSE: 2624 | MAE: 1622 | Bias: -35.6
[2025-12-15 03:46:07] 
[C1|F2] Processing fold...
[2025-12-15 03:46:22]   > After encoding/scaling: (60778, 15)
[2025-12-15 03:46:22]   > RF Feature Selection: 9/15
[2025-12-15 03:46:26]       model: 0.246381
[2025-12-15 03:46:26]       engineSize: 0.154773
[2025-12-15 03:46:26]       year: 0.137442
[2025-12-15 03:46:26]       mileage: 0.117170
[2025-12-15 03:46:26]       mpg: 0.099047
[2025-12-15 03:46:26]       transmission_MANUAL: 0.093426
[2025-12-15 03:46:26]       Brand: 0.075400
[2025-12-15 03:46:26]       tax: 0.035048
[2025-12-15 03:46:26]       transmission_SEMIAUTO: 0.020458
[2025-12-15 03:46:26]       fuelType_PETROL: 0.007092
[2025-12-15 03:46:26]       fuelType_DIESEL: 0.006262
[2025-12-15 03:46:26]       transmission_AUTOMATIC: 0.005901
[2025-12-15 03:46:26]       fuelType_HYBRID: 0.001547
[2025-12-15 03:46:26]       fuelType_OTHER: 0.000055
[2025-12-15 03:46:26]       fuelType_ELECTRIC: 0.000000
[2025-12-15 03:51:18]   > [TRAIN] R2: 0.9332 | RMSE: 2517 | MAE: 1546 | Bias: 165.9
[2025-12-15 03:51:18]   > [VAL]   R2: 0.9195 | RMSE: 2760 | MAE: 1624 | Bias: 202.2
[2025-12-15 03:51:18] 
[C1|F3] Processing fold...
[2025-12-15 03:51:33]   > After encoding/scaling: (60778, 15)
[2025-12-15 03:51:33]   > RF Feature Selection: 9/15
[2025-12-15 03:51:37]       model: 0.247910
[2025-12-15 03:51:37]       engineSize: 0.155657
[2025-12-15 03:51:37]       year: 0.138466
[2025-12-15 03:51:37]       mileage: 0.118671
[2025-12-15 03:51:37]       mpg: 0.097142
[2025-12-15 03:51:37]       transmission_MANUAL: 0.091323
[2025-12-15 03:51:37]       Brand: 0.071502
[2025-12-15 03:51:37]       tax: 0.036132
[2025-12-15 03:51:37]       transmission_SEMIAUTO: 0.021683
[2025-12-15 03:51:37]       fuelType_PETROL: 0.007786
[2025-12-15 03:51:37]       fuelType_DIESEL: 0.006489
[2025-12-15 03:51:37]       transmission_AUTOMATIC: 0.005611
[2025-12-15 03:51:37]       fuelType_HYBRID: 0.001572
[2025-12-15 03:51:37]       fuelType_OTHER: 0.000055
[2025-12-15 03:51:37]       fuelType_ELECTRIC: 0.000000
[2025-12-15 04:04:13]   > [TRAIN] R2: 0.9468 | RMSE: 2228 | MAE: 1461 | Bias: -69.4
[2025-12-15 04:04:13]   > [VAL]   R2: 0.9093 | RMSE: 3025 | MAE: 1627 | Bias: -59.9
[2025-12-15 04:04:13] 
[C1|F4] Processing fold...
[2025-12-15 04:04:28]   > After encoding/scaling: (60779, 15)
[2025-12-15 04:04:28]   > RF Feature Selection: 9/15
[2025-12-15 04:04:32]       model: 0.251259
[2025-12-15 04:04:32]       engineSize: 0.153079
[2025-12-15 04:04:32]       year: 0.139073
[2025-12-15 04:04:32]       mileage: 0.115088
[2025-12-15 04:04:32]       mpg: 0.099343
[2025-12-15 04:04:32]       transmission_MANUAL: 0.093336
[2025-12-15 04:04:32]       Brand: 0.068944
[2025-12-15 04:04:32]       tax: 0.037791
[2025-12-15 04:04:32]       transmission_SEMIAUTO: 0.021145
[2025-12-15 04:04:32]       fuelType_PETROL: 0.007347
[2025-12-15 04:04:32]       fuelType_DIESEL: 0.006114
[2025-12-15 04:04:32]       transmission_AUTOMATIC: 0.006046
[2025-12-15 04:04:32]       fuelType_HYBRID: 0.001365
[2025-12-15 04:04:32]       fuelType_OTHER: 0.000070
[2025-12-15 04:04:32]       fuelType_ELECTRIC: 0.000001
[2025-12-15 04:09:05]   > [TRAIN] R2: 0.9334 | RMSE: 2507 | MAE: 1560 | Bias: 193.5
[2025-12-15 04:09:05]   > [VAL]   R2: 0.9214 | RMSE: 2760 | MAE: 1632 | Bias: 219.3
[2025-12-15 04:09:05] 
[C1|F5] Processing fold...
[2025-12-15 04:09:20]   > After encoding/scaling: (60779, 15)
[2025-12-15 04:09:20]   > RF Feature Selection: 9/15
[2025-12-15 04:09:24]       model: 0.247223
[2025-12-15 04:09:24]       engineSize: 0.157110
[2025-12-15 04:09:24]       year: 0.142222
[2025-12-15 04:09:24]       mileage: 0.110943
[2025-12-15 04:09:24]       mpg: 0.101420
[2025-12-15 04:09:24]       transmission_MANUAL: 0.091801
[2025-12-15 04:09:24]       Brand: 0.069404
[2025-12-15 04:09:24]       tax: 0.037026
[2025-12-15 04:09:24]       transmission_SEMIAUTO: 0.021022
[2025-12-15 04:09:24]       fuelType_PETROL: 0.007791
[2025-12-15 04:09:24]       fuelType_DIESEL: 0.006312
[2025-12-15 04:09:24]       transmission_AUTOMATIC: 0.006205
[2025-12-15 04:09:24]       fuelType_HYBRID: 0.001456
[2025-12-15 04:09:24]       fuelType_OTHER: 0.000065
[2025-12-15 04:09:24]       fuelType_ELECTRIC: 0.000000
[2025-12-15 04:12:34]   > [TRAIN] R2: 0.9271 | RMSE: 2645 | MAE: 1626 | Bias: -124.5
[2025-12-15 04:12:34]   > [VAL]   R2: 0.9226 | RMSE: 2647 | MAE: 1657 | Bias: -141.2
[2025-12-15 04:12:34] 
[2025-12-15 04:12:34] CONFIG 1 SUMMARY:
[2025-12-15 04:12:34]   [TRAIN AVG] MAE: 1544.7 | R2: 0.9359 | Bias: 30.1
[2025-12-15 04:12:34]   [VAL AVG]   MAE: 1632.5 | R2: 0.9194 | Bias: 37.0 | RMSE: 2763.1
[2025-12-15 04:12:34] [NEW BEST CONFIG]
[2025-12-15 04:12:34] 
######## CONFIG 2/6 ########
[2025-12-15 04:12:34] Parameters: {'n_iter_no_change': 25, 'max_iter': 1200, 'learning_rate_init': 0.01, 'learning_rate': 'adaptive', 'hidden_layer_sizes': (256, 128), 'early_stopping': True, 'batch_size': 64}
[2025-12-15 04:12:34] 
[C2|F1] Processing fold...
[2025-12-15 04:12:49]   > After encoding/scaling: (60778, 15)
[2025-12-15 04:12:49]   > RF Feature Selection: 9/15
[2025-12-15 04:12:53]       model: 0.249682
[2025-12-15 04:12:53]       engineSize: 0.152520
[2025-12-15 04:12:53]       year: 0.134240
[2025-12-15 04:12:53]       mileage: 0.117373
[2025-12-15 04:12:53]       mpg: 0.105643
[2025-12-15 04:12:53]       transmission_MANUAL: 0.091348
[2025-12-15 04:12:53]       Brand: 0.072050
[2025-12-15 04:12:53]       tax: 0.036031
[2025-12-15 04:12:53]       transmission_SEMIAUTO: 0.019886
[2025-12-15 04:12:53]       fuelType_PETROL: 0.007385
[2025-12-15 04:12:53]       transmission_AUTOMATIC: 0.006261
[2025-12-15 04:12:53]       fuelType_DIESEL: 0.006116
[2025-12-15 04:12:53]       fuelType_HYBRID: 0.001407
[2025-12-15 04:12:53]       fuelType_OTHER: 0.000059
[2025-12-15 04:12:53]       fuelType_ELECTRIC: 0.000000
[2025-12-15 04:18:18]   > [TRAIN] R2: 0.9317 | RMSE: 2556 | MAE: 1573 | Bias: 278.0
[2025-12-15 04:18:18]   > [VAL]   R2: 0.9227 | RMSE: 2653 | MAE: 1636 | Bias: 254.5
[2025-12-15 04:18:18] 
[C2|F2] Processing fold...
[2025-12-15 04:18:33]   > After encoding/scaling: (60778, 15)
[2025-12-15 04:18:33]   > RF Feature Selection: 9/15
[2025-12-15 04:18:37]       model: 0.246381
[2025-12-15 04:18:37]       engineSize: 0.154773
[2025-12-15 04:18:37]       year: 0.137442
[2025-12-15 04:18:37]       mileage: 0.117170
[2025-12-15 04:18:37]       mpg: 0.099047
[2025-12-15 04:18:37]       transmission_MANUAL: 0.093426
[2025-12-15 04:18:37]       Brand: 0.075400
[2025-12-15 04:18:37]       tax: 0.035048
[2025-12-15 04:18:37]       transmission_SEMIAUTO: 0.020458
[2025-12-15 04:18:37]       fuelType_PETROL: 0.007092
[2025-12-15 04:18:37]       fuelType_DIESEL: 0.006262
[2025-12-15 04:18:37]       transmission_AUTOMATIC: 0.005901
[2025-12-15 04:18:37]       fuelType_HYBRID: 0.001547
[2025-12-15 04:18:37]       fuelType_OTHER: 0.000055
[2025-12-15 04:18:37]       fuelType_ELECTRIC: 0.000000
[2025-12-15 04:24:01]   > [TRAIN] R2: 0.9309 | RMSE: 2561 | MAE: 1588 | Bias: 94.6
[2025-12-15 04:24:01]   > [VAL]   R2: 0.9181 | RMSE: 2784 | MAE: 1660 | Bias: 134.2
[2025-12-15 04:24:01] 
[C2|F3] Processing fold...
[2025-12-15 04:24:16]   > After encoding/scaling: (60778, 15)
[2025-12-15 04:24:16]   > RF Feature Selection: 9/15
[2025-12-15 04:24:20]       model: 0.247910
[2025-12-15 04:24:20]       engineSize: 0.155657
[2025-12-15 04:24:20]       year: 0.138466
[2025-12-15 04:24:20]       mileage: 0.118671
[2025-12-15 04:24:20]       mpg: 0.097142
[2025-12-15 04:24:20]       transmission_MANUAL: 0.091323
[2025-12-15 04:24:20]       Brand: 0.071502
[2025-12-15 04:24:20]       tax: 0.036132
[2025-12-15 04:24:20]       transmission_SEMIAUTO: 0.021683
[2025-12-15 04:24:20]       fuelType_PETROL: 0.007786
[2025-12-15 04:24:20]       fuelType_DIESEL: 0.006489
[2025-12-15 04:24:20]       transmission_AUTOMATIC: 0.005611
[2025-12-15 04:24:20]       fuelType_HYBRID: 0.001572
[2025-12-15 04:24:20]       fuelType_OTHER: 0.000055
[2025-12-15 04:24:20]       fuelType_ELECTRIC: 0.000000
[2025-12-15 04:33:06]   > [TRAIN] R2: 0.9381 | RMSE: 2403 | MAE: 1506 | Bias: -61.2
[2025-12-15 04:33:06]   > [VAL]   R2: 0.9080 | RMSE: 3047 | MAE: 1637 | Bias: -50.4
[2025-12-15 04:33:06] 
[C2|F4] Processing fold...
[2025-12-15 04:33:21]   > After encoding/scaling: (60779, 15)
[2025-12-15 04:33:21]   > RF Feature Selection: 9/15
[2025-12-15 04:33:25]       model: 0.251259
[2025-12-15 04:33:25]       engineSize: 0.153079
[2025-12-15 04:33:25]       year: 0.139073
[2025-12-15 04:33:25]       mileage: 0.115088
[2025-12-15 04:33:25]       mpg: 0.099343
[2025-12-15 04:33:25]       transmission_MANUAL: 0.093336
[2025-12-15 04:33:25]       Brand: 0.068944
[2025-12-15 04:33:25]       tax: 0.037791
[2025-12-15 04:33:25]       transmission_SEMIAUTO: 0.021145
[2025-12-15 04:33:25]       fuelType_PETROL: 0.007347
[2025-12-15 04:33:25]       fuelType_DIESEL: 0.006114
[2025-12-15 04:33:25]       transmission_AUTOMATIC: 0.006046
[2025-12-15 04:33:25]       fuelType_HYBRID: 0.001365
[2025-12-15 04:33:25]       fuelType_OTHER: 0.000070
[2025-12-15 04:33:25]       fuelType_ELECTRIC: 0.000001
[2025-12-15 04:37:48]   > [TRAIN] R2: 0.9273 | RMSE: 2617 | MAE: 1616 | Bias: 107.4
[2025-12-15 04:37:48]   > [VAL]   R2: 0.9160 | RMSE: 2854 | MAE: 1679 | Bias: 127.8
[2025-12-15 04:37:48] 
[C2|F5] Processing fold...
[2025-12-15 04:38:03]   > After encoding/scaling: (60779, 15)
[2025-12-15 04:38:03]   > RF Feature Selection: 9/15
[2025-12-15 04:38:06]       model: 0.247223
[2025-12-15 04:38:06]       engineSize: 0.157110
[2025-12-15 04:38:06]       year: 0.142222
[2025-12-15 04:38:06]       mileage: 0.110943
[2025-12-15 04:38:06]       mpg: 0.101420
[2025-12-15 04:38:06]       transmission_MANUAL: 0.091801
[2025-12-15 04:38:06]       Brand: 0.069404
[2025-12-15 04:38:06]       tax: 0.037026
[2025-12-15 04:38:06]       transmission_SEMIAUTO: 0.021022
[2025-12-15 04:38:06]       fuelType_PETROL: 0.007791
[2025-12-15 04:38:06]       fuelType_DIESEL: 0.006312
[2025-12-15 04:38:06]       transmission_AUTOMATIC: 0.006205
[2025-12-15 04:38:06]       fuelType_HYBRID: 0.001456
[2025-12-15 04:38:06]       fuelType_OTHER: 0.000065
[2025-12-15 04:38:06]       fuelType_ELECTRIC: 0.000000
[2025-12-15 04:42:26]   > [TRAIN] R2: 0.9264 | RMSE: 2657 | MAE: 1625 | Bias: 109.0
[2025-12-15 04:42:26]   > [VAL]   R2: 0.9233 | RMSE: 2634 | MAE: 1646 | Bias: 90.0
[2025-12-15 04:42:26] 
[2025-12-15 04:42:26] CONFIG 2 SUMMARY:
[2025-12-15 04:42:26]   [TRAIN AVG] MAE: 1581.5 | R2: 0.9309 | Bias: 105.6
[2025-12-15 04:42:26]   [VAL AVG]   MAE: 1651.8 | R2: 0.9176 | Bias: 111.2 | RMSE: 2794.2
[2025-12-15 04:42:26] 
######## CONFIG 3/6 ########
[2025-12-15 04:42:26] Parameters: {'n_iter_no_change': 25, 'max_iter': 1200, 'learning_rate_init': 0.001, 'learning_rate': 'adaptive', 'hidden_layer_sizes': (256, 128), 'early_stopping': True, 'batch_size': 64}
[2025-12-15 04:42:26] 
[C3|F1] Processing fold...
[2025-12-15 04:42:41]   > After encoding/scaling: (60778, 15)
[2025-12-15 04:42:41]   > RF Feature Selection: 9/15
[2025-12-15 04:42:45]       model: 0.249682
[2025-12-15 04:42:45]       engineSize: 0.152520
[2025-12-15 04:42:45]       year: 0.134240
[2025-12-15 04:42:45]       mileage: 0.117373
[2025-12-15 04:42:45]       mpg: 0.105643
[2025-12-15 04:42:45]       transmission_MANUAL: 0.091348
[2025-12-15 04:42:45]       Brand: 0.072050
[2025-12-15 04:42:45]       tax: 0.036031
[2025-12-15 04:42:45]       transmission_SEMIAUTO: 0.019886
[2025-12-15 04:42:45]       fuelType_PETROL: 0.007385
[2025-12-15 04:42:45]       transmission_AUTOMATIC: 0.006261
[2025-12-15 04:42:45]       fuelType_DIESEL: 0.006116
[2025-12-15 04:42:45]       fuelType_HYBRID: 0.001407
[2025-12-15 04:42:45]       fuelType_OTHER: 0.000059
[2025-12-15 04:42:45]       fuelType_ELECTRIC: 0.000000
[2025-12-15 05:01:27]   > [TRAIN] R2: 0.9252 | RMSE: 2675 | MAE: 1618 | Bias: -17.0
[2025-12-15 05:01:27]   > [VAL]   R2: 0.9233 | RMSE: 2644 | MAE: 1664 | Bias: -43.6
[2025-12-15 05:01:27] 
[C3|F2] Processing fold...
[2025-12-15 05:01:43]   > After encoding/scaling: (60778, 15)
[2025-12-15 05:01:43]   > RF Feature Selection: 9/15
