[2025-12-15 01:25:21] =======================================================
[2025-12-15 01:25:21] STARTING NN RANDOM SEARCH WITH RF FEATURE SELECTION
[2025-12-15 01:25:21] Search iterations: 1
[2025-12-15 01:25:21] =======================================================
[2025-12-15 01:25:21] 
######## CONFIG 1/1 ########
[2025-12-15 01:25:21] Parameters: {'n_iter_no_change': 25, 'max_iter': 1200, 'learning_rate_init': 0.05, 'learning_rate': 'adaptive', 'hidden_layer_sizes': (256, 128), 'early_stopping': True, 'batch_size': 64}
[2025-12-15 01:25:21] 
[C1|F1] Processing fold...
[2025-12-15 01:25:37]   > After encoding/scaling: (60778, 16)
[2025-12-15 01:25:37]   > RF Feature Selection: 10/16
[2025-12-15 01:25:41]       model: 0.271227
[2025-12-15 01:25:41]       engineSize: 0.157058
[2025-12-15 01:25:41]       year: 0.141964
[2025-12-15 01:25:41]       mileage: 0.115529
[2025-12-15 01:25:41]       transmission_MANUAL: 0.095681
[2025-12-15 01:25:41]       mpg: 0.089483
[2025-12-15 01:25:41]       Brand: 0.066871
[2025-12-15 01:25:41]       tax: 0.027273
[2025-12-15 01:25:41]       transmission_SEMIAUTO: 0.013542
[2025-12-15 01:25:41]       previousOwners: 0.005785
[2025-12-15 01:25:41]       fuelType_PETROL: 0.005536
[2025-12-15 01:25:41]       fuelType_DIESEL: 0.004770
[2025-12-15 01:25:41]       transmission_AUTOMATIC: 0.003952
[2025-12-15 01:25:41]       fuelType_HYBRID: 0.001292
[2025-12-15 01:25:41]       fuelType_OTHER: 0.000037
[2025-12-15 01:25:41]       fuelType_ELECTRIC: 0.000000
[2025-12-15 01:31:44]   > [TRAIN] R2: 0.9370 | RMSE: 2455 | MAE: 1564 | Bias: -70.9
[2025-12-15 01:31:44]   > [VAL]   R2: 0.9237 | RMSE: 2636 | MAE: 1650 | Bias: -80.2
[2025-12-15 01:31:44] 
[C1|F2] Processing fold...
[2025-12-15 01:31:58]   > After encoding/scaling: (60778, 16)
[2025-12-15 01:31:58]   > RF Feature Selection: 10/16
[2025-12-15 01:32:03]       model: 0.262174
[2025-12-15 01:32:03]       engineSize: 0.160403
[2025-12-15 01:32:03]       year: 0.148694
[2025-12-15 01:32:03]       mileage: 0.110476
[2025-12-15 01:32:03]       transmission_MANUAL: 0.095560
[2025-12-15 01:32:03]       mpg: 0.088631
[2025-12-15 01:32:03]       Brand: 0.067449
[2025-12-15 01:32:03]       tax: 0.028281
[2025-12-15 01:32:03]       transmission_SEMIAUTO: 0.015935
[2025-12-15 01:32:03]       fuelType_PETROL: 0.005663
[2025-12-15 01:32:03]       previousOwners: 0.005634
[2025-12-15 01:32:03]       fuelType_DIESEL: 0.005484
[2025-12-15 01:32:03]       transmission_AUTOMATIC: 0.004271
[2025-12-15 01:32:03]       fuelType_HYBRID: 0.001308
[2025-12-15 01:32:03]       fuelType_OTHER: 0.000038
[2025-12-15 01:32:03]       fuelType_ELECTRIC: 0.000001
[2025-12-15 01:33:36]   > [TRAIN] R2: 0.9338 | RMSE: 2505 | MAE: 1551 | Bias: 31.6
[2025-12-15 01:33:36]   > [VAL]   R2: 0.9241 | RMSE: 2679 | MAE: 1614 | Bias: 68.9
[2025-12-15 01:33:36] 
[C1|F3] Processing fold...
