
-- doing 1/15
   >> [CFG_001] VAL RMSE: 2623.5 | VAL MAE: 1554.3 | KeepRatio: 0.65 | Sel: 17/25
   >> [CFG_002] VAL RMSE: 2432.7 | VAL MAE: 1370.3 | KeepRatio: 0.65 | Sel: 17/25
   >> [CFG_003] VAL RMSE: 2862.0 | VAL MAE: 1611.3 | KeepRatio: 0.65 | Sel: 17/25
   >> [CFG_004] VAL RMSE: 2739.9 | VAL MAE: 1485.1 | KeepRatio: 0.65 | Sel: 17/25
   >> [CFG_005] VAL RMSE: 2632.0 | VAL MAE: 1556.2 | KeepRatio: 0.65 | Sel: 17/25

-- doing 6/15
   >> [CFG_006] VAL RMSE: 2704.2 | VAL MAE: 1545.1 | KeepRatio: 0.65 | Sel: 17/25
   >> [CFG_007] VAL RMSE: 2360.3 | VAL MAE: 1316.8 | KeepRatio: 0.65 | Sel: 17/25
   >> [CFG_008] VAL RMSE: 2628.0 | VAL MAE: 1527.2 | KeepRatio: 0.65 | Sel: 17/25
   >> [CFG_009] VAL RMSE: 2464.5 | VAL MAE: 1355.0 | KeepRatio: 0.65 | Sel: 17/25
   >> [CFG_010] VAL RMSE: 3474.9 | VAL MAE: 1964.1 | KeepRatio: 0.65 | Sel: 17/25

-- doing 11/15
   >> [CFG_011] VAL RMSE: 3129.8 | VAL MAE: 1772.0 | KeepRatio: 0.65 | Sel: 17/25
   >> [CFG_012] VAL RMSE: 2526.9 | VAL MAE: 1411.6 | KeepRatio: 0.65 | Sel: 17/25
   >> [CFG_013] VAL RMSE: 3439.6 | VAL MAE: 2092.3 | KeepRatio: 0.65 | Sel: 17/25
   >> [CFG_014] VAL RMSE: 2555.6 | VAL MAE: 1415.1 | KeepRatio: 0.65 | Sel: 17/25
   >> [CFG_015] VAL RMSE: 3622.4 | VAL MAE: 2022.9 | KeepRatio: 0.65 | Sel: 17/25

- TOP 10 Configurations (sorted by VAL RMSE)

- BEST CONFIG (by VAL RMSE)
Best config: CFG_007
VAL RMSE: 2360.277
VAL MAE:  1316.772
VAL R2:   0.941050
Keep ratio: 0.65
Avg selected feats: 17/25
Best params dict:
{'n_estimators': 1000, 'max_depth': 20, 'min_samples_split': 2, 'min_samples_leaf': 2, 'max_features': 0.33, 'bootstrap': True, 'fs_keep_ratio': 0.65}
